<?xml version="1.0" encoding="UTF-8"?>
<!-- Generated by org.testng.reporters.JUnitReportReporter -->
<testsuite skipped="0" hostname="viao-PC" name="testApi.Api_Users" tests="2" failures="0" timestamp="17 Aug 2018 05:47:53 GMT" time="3.562" errors="0">
  <testcase name="test_Users_without_header" time="2.620" classname="testApi.Api_Users"/>
  <testcase name="test_User_with_header" time="0.942" classname="testApi.Api_Users"/>
</testsuite> <!-- testApi.Api_Users -->
