<?xml version="1.0" encoding="UTF-8"?>
<!-- Generated by org.testng.reporters.JUnitReportReporter -->
<testsuite skipped="0" hostname="viao-PC" name="testApi.Get_Api_Users" tests="2" failures="0" timestamp="17 Aug 2018 05:27:57 GMT" time="3.840" errors="0">
  <testcase name="test_Users_without_header" time="2.831" classname="testApi.Get_Api_Users"/>
  <testcase name="test_User_with_header" time="1.009" classname="testApi.Get_Api_Users"/>
</testsuite> <!-- testApi.Get_Api_Users -->
