<?xml version="1.0" encoding="UTF-8"?>
<!-- Generated by org.testng.reporters.JUnitReportReporter -->
<testsuite skipped="0" hostname="viao-PC" name="testApi.Post_Api_Users" tests="1" failures="0" timestamp="17 Aug 2018 05:27:57 GMT" time="1.857" errors="0">
  <testcase name="test_Post_Api_Users_with_header" time="1.857" classname="testApi.Post_Api_Users"/>
</testsuite> <!-- testApi.Post_Api_Users -->
